{
  "0 debug pnpm:scope": {
    "selected": 1,
    "workspacePrefix": "D:\\pessoal\\node\\monorepo"
  },
  "1 error pnpm": {
    "errno": 1,
    "code": "ELIFECYCLE",
    "pkgid": "twitter-clone-monorepo@1.0.0",
    "stage": "dev:api",
    "script": "pnpm dev -r --filter ./apps/api",
    "pkgname": "twitter-clone-monorepo",
    "err": {
      "name": "pnpm",
      "message": "twitter-clone-monorepo@1.0.0 dev:api: `pnpm dev -r --filter ./apps/api`\nExit status 1",
      "code": "ELIFECYCLE",
      "stack": "pnpm: twitter-clone-monorepo@1.0.0 dev:api: `pnpm dev -r --filter ./apps/api`\nExit status 1\n    at EventEmitter.<anonymous> (C:\\Users\\pedro\\AppData\\Roaming\\npm\\node_modules\\pnpm\\dist\\pnpm.cjs:105724:20)\n    at EventEmitter.emit (node:events:390:28)\n    at ChildProcess.<anonymous> (C:\\Users\\pedro\\AppData\\Roaming\\npm\\node_modules\\pnpm\\dist\\pnpm.cjs:92285:18)\n    at ChildProcess.emit (node:events:390:28)\n    at maybeClose (node:internal/child_process:1062:16)\n    at Process.ChildProcess._handle.onexit (node:internal/child_process:301:5)"
    }
  }
}